<?xml version="1.0" encoding="UTF-8"?>
<testng-results skipped="0" failed="0" ignored="0" total="1" passed="1">
  <reporter-output>
  </reporter-output>
  <suite name="Default suite" duration-ms="9926" started-at="2018-06-27T02:55:48Z" finished-at="2018-06-27T02:55:58Z">
    <groups>
    </groups>
    <test name="Default test" duration-ms="9926" started-at="2018-06-27T02:55:48Z" finished-at="2018-06-27T02:55:58Z">
      <class name="assertions.AssertionsTypes">
        <test-method status="PASS" signature="setup()[pri:0, instance:assertions.AssertionsTypes@7d9d1a19]" name="setup" is-config="true" duration-ms="1862" started-at="2018-06-27T02:55:48Z" finished-at="2018-06-27T02:55:50Z">
          <reporter-output>
          </reporter-output>
        </test-method> <!-- setup -->
        <test-method status="PASS" signature="navigator()[pri:0, instance:assertions.AssertionsTypes@7d9d1a19]" name="navigator" duration-ms="8048" started-at="2018-06-27T02:55:50Z" finished-at="2018-06-27T02:55:58Z">
          <reporter-output>
          </reporter-output>
        </test-method> <!-- navigator -->
      </class> <!-- assertions.AssertionsTypes -->
    </test> <!-- Default test -->
  </suite> <!-- Default suite -->
</testng-results>
